{"C:\\Users\\Luis\\Desktop\\IPCA\\CTeSP\\2º Ano\\1ª Semestre\\Computação distribuida\\API\\knexfile.js": {"path":"C:\\Users\\Luis\\Desktop\\IPCA\\CTeSP\\2º Ano\\1ª Semestre\\Computação distribuida\\API\\knexfile.js","statementMap":{"0":{"start":{"line":1,"column":0},"end":{"line":65,"column":2}}},"fnMap":{},"branchMap":{},"s":{"0":7},"f":{},"b":{},"_coverageSchema":"1a1c01bbd47fc00a2c39e90264f33305004495a9","hash":"3516b10aa93d00caecfb790d18c6252a83223f09"}
,"C:\\Users\\Luis\\Desktop\\IPCA\\CTeSP\\2º Ano\\1ª Semestre\\Computação distribuida\\API\\src\\app.js": {"path":"C:\\Users\\Luis\\Desktop\\IPCA\\CTeSP\\2º Ano\\1ª Semestre\\Computação distribuida\\API\\src\\app.js","statementMap":{"0":{"start":{"line":1,"column":12},"end":{"line":1,"column":32}},"1":{"start":{"line":2,"column":16},"end":{"line":2,"column":34}},"2":{"start":{"line":4,"column":13},"end":{"line":4,"column":28}},"3":{"start":{"line":5,"column":17},"end":{"line":5,"column":39}},"4":{"start":{"line":7,"column":0},"end":{"line":7,"column":29}},"5":{"start":{"line":10,"column":0},"end":{"line":16,"column":13}},"6":{"start":{"line":18,"column":0},"end":{"line":20,"column":3}},"7":{"start":{"line":19,"column":2},"end":{"line":19,"column":31}},"8":{"start":{"line":22,"column":0},"end":{"line":28,"column":3}},"9":{"start":{"line":23,"column":35},"end":{"line":23,"column":38}},"10":{"start":{"line":24,"column":2},"end":{"line":24,"column":75}},"11":{"start":{"line":24,"column":34},"end":{"line":24,"column":75}},"12":{"start":{"line":25,"column":2},"end":{"line":26,"column":54}},"13":{"start":{"line":25,"column":33},"end":{"line":25,"column":74}},"14":{"start":{"line":26,"column":7},"end":{"line":26,"column":54}},"15":{"start":{"line":27,"column":2},"end":{"line":27,"column":12}},"16":{"start":{"line":30,"column":0},"end":{"line":30,"column":21}}},"fnMap":{"0":{"name":"(anonymous_0)","decl":{"start":{"line":18,"column":13},"end":{"line":18,"column":14}},"loc":{"start":{"line":18,"column":27},"end":{"line":20,"column":1}},"line":18},"1":{"name":"(anonymous_1)","decl":{"start":{"line":22,"column":8},"end":{"line":22,"column":9}},"loc":{"start":{"line":22,"column":33},"end":{"line":28,"column":1}},"line":22}},"branchMap":{"0":{"loc":{"start":{"line":24,"column":2},"end":{"line":24,"column":75}},"type":"if","locations":[{"start":{"line":24,"column":2},"end":{"line":24,"column":75}},{"start":{},"end":{}}],"line":24},"1":{"loc":{"start":{"line":25,"column":2},"end":{"line":26,"column":54}},"type":"if","locations":[{"start":{"line":25,"column":2},"end":{"line":26,"column":54}},{"start":{"line":26,"column":7},"end":{"line":26,"column":54}}],"line":25}},"s":{"0":7,"1":7,"2":7,"3":7,"4":7,"5":7,"6":7,"7":1,"8":7,"9":36,"10":36,"11":31,"12":36,"13":5,"14":31,"15":5,"16":7},"f":{"0":1,"1":36},"b":{"0":[31,5],"1":[5,31]},"_coverageSchema":"1a1c01bbd47fc00a2c39e90264f33305004495a9","hash":"67ba39e1f1469087e379c69b42b0fb79a32b401f"}
,"C:\\Users\\Luis\\Desktop\\IPCA\\CTeSP\\2º Ano\\1ª Semestre\\Computação distribuida\\API\\src\\config\\middlewares.js": {"path":"C:\\Users\\Luis\\Desktop\\IPCA\\CTeSP\\2º Ano\\1ª Semestre\\Computação distribuida\\API\\src\\config\\middlewares.js","statementMap":{"0":{"start":{"line":1,"column":19},"end":{"line":1,"column":41}},"1":{"start":{"line":3,"column":0},"end":{"line":5,"column":2}},"2":{"start":{"line":4,"column":2},"end":{"line":4,"column":29}}},"fnMap":{"0":{"name":"(anonymous_0)","decl":{"start":{"line":3,"column":17},"end":{"line":3,"column":18}},"loc":{"start":{"line":3,"column":26},"end":{"line":5,"column":1}},"line":3}},"branchMap":{},"s":{"0":7,"1":7,"2":7},"f":{"0":7},"b":{},"_coverageSchema":"1a1c01bbd47fc00a2c39e90264f33305004495a9","hash":"e7c0d36caea905e792094fea0f688056cea8a17f"}
,"C:\\Users\\Luis\\Desktop\\IPCA\\CTeSP\\2º Ano\\1ª Semestre\\Computação distribuida\\API\\src\\config\\passport.js": {"path":"C:\\Users\\Luis\\Desktop\\IPCA\\CTeSP\\2º Ano\\1ª Semestre\\Computação distribuida\\API\\src\\config\\passport.js","statementMap":{"0":{"start":{"line":1,"column":17},"end":{"line":1,"column":36}},"1":{"start":{"line":2,"column":20},"end":{"line":2,"column":43}},"2":{"start":{"line":4,"column":15},"end":{"line":4,"column":32}},"3":{"start":{"line":6,"column":33},"end":{"line":6,"column":44}},"4":{"start":{"line":8,"column":0},"end":{"line":27,"column":2}},"5":{"start":{"line":9,"column":17},"end":{"line":12,"column":3}},"6":{"start":{"line":14,"column":19},"end":{"line":20,"column":4}},"7":{"start":{"line":15,"column":4},"end":{"line":19,"column":42}},"8":{"start":{"line":17,"column":8},"end":{"line":18,"column":31}},"9":{"start":{"line":17,"column":18},"end":{"line":17,"column":42}},"10":{"start":{"line":18,"column":13},"end":{"line":18,"column":31}},"11":{"start":{"line":19,"column":24},"end":{"line":19,"column":40}},"12":{"start":{"line":22,"column":2},"end":{"line":22,"column":25}},"13":{"start":{"line":24,"column":2},"end":{"line":26,"column":4}},"14":{"start":{"line":25,"column":24},"end":{"line":25,"column":72}}},"fnMap":{"0":{"name":"(anonymous_0)","decl":{"start":{"line":8,"column":17},"end":{"line":8,"column":18}},"loc":{"start":{"line":8,"column":26},"end":{"line":27,"column":1}},"line":8},"1":{"name":"(anonymous_1)","decl":{"start":{"line":14,"column":40},"end":{"line":14,"column":41}},"loc":{"start":{"line":14,"column":59},"end":{"line":20,"column":3}},"line":14},"2":{"name":"(anonymous_2)","decl":{"start":{"line":16,"column":12},"end":{"line":16,"column":13}},"loc":{"start":{"line":16,"column":22},"end":{"line":19,"column":7}},"line":16},"3":{"name":"(anonymous_3)","decl":{"start":{"line":19,"column":15},"end":{"line":19,"column":16}},"loc":{"start":{"line":19,"column":24},"end":{"line":19,"column":40}},"line":19},"4":{"name":"(anonymous_4)","decl":{"start":{"line":25,"column":18},"end":{"line":25,"column":19}},"loc":{"start":{"line":25,"column":24},"end":{"line":25,"column":72}},"line":25}},"branchMap":{"0":{"loc":{"start":{"line":17,"column":8},"end":{"line":18,"column":31}},"type":"if","locations":[{"start":{"line":17,"column":8},"end":{"line":18,"column":31}},{"start":{"line":18,"column":13},"end":{"line":18,"column":31}}],"line":17}},"s":{"0":7,"1":7,"2":7,"3":7,"4":7,"5":7,"6":7,"7":74,"8":74,"9":74,"10":0,"11":0,"12":7,"13":7,"14":7},"f":{"0":7,"1":74,"2":74,"3":0,"4":7},"b":{"0":[74,0]},"_coverageSchema":"1a1c01bbd47fc00a2c39e90264f33305004495a9","hash":"57c97944a04160140bf8e1c251971f727a36d39b"}
,"C:\\Users\\Luis\\Desktop\\IPCA\\CTeSP\\2º Ano\\1ª Semestre\\Computação distribuida\\API\\src\\config\\router.js": {"path":"C:\\Users\\Luis\\Desktop\\IPCA\\CTeSP\\2º Ano\\1ª Semestre\\Computação distribuida\\API\\src\\config\\router.js","statementMap":{"0":{"start":{"line":1,"column":16},"end":{"line":1,"column":34}},"1":{"start":{"line":3,"column":0},"end":{"line":14,"column":2}},"2":{"start":{"line":4,"column":2},"end":{"line":4,"column":38}},"3":{"start":{"line":6,"column":23},"end":{"line":6,"column":39}},"4":{"start":{"line":7,"column":2},"end":{"line":7,"column":47}},"5":{"start":{"line":8,"column":2},"end":{"line":8,"column":53}},"6":{"start":{"line":9,"column":2},"end":{"line":9,"column":61}},"7":{"start":{"line":10,"column":2},"end":{"line":10,"column":55}},"8":{"start":{"line":11,"column":2},"end":{"line":11,"column":52}},"9":{"start":{"line":13,"column":2},"end":{"line":13,"column":67}}},"fnMap":{"0":{"name":"(anonymous_0)","decl":{"start":{"line":3,"column":17},"end":{"line":3,"column":18}},"loc":{"start":{"line":3,"column":26},"end":{"line":14,"column":1}},"line":3}},"branchMap":{},"s":{"0":7,"1":7,"2":7,"3":7,"4":7,"5":7,"6":7,"7":7,"8":7,"9":7},"f":{"0":7},"b":{},"_coverageSchema":"1a1c01bbd47fc00a2c39e90264f33305004495a9","hash":"f79c42a1c713d6dc8cc2e2a2f5397753deb33ab3"}
,"C:\\Users\\Luis\\Desktop\\IPCA\\CTeSP\\2º Ano\\1ª Semestre\\Computação distribuida\\API\\src\\errors\\forbiddenError.js": {"path":"C:\\Users\\Luis\\Desktop\\IPCA\\CTeSP\\2º Ano\\1ª Semestre\\Computação distribuida\\API\\src\\errors\\forbiddenError.js","statementMap":{"0":{"start":{"line":1,"column":0},"end":{"line":4,"column":2}},"1":{"start":{"line":2,"column":2},"end":{"line":2,"column":31}},"2":{"start":{"line":3,"column":2},"end":{"line":3,"column":25}}},"fnMap":{"0":{"name":"forbiddenError","decl":{"start":{"line":1,"column":26},"end":{"line":1,"column":40}},"loc":{"start":{"line":1,"column":91},"end":{"line":4,"column":1}},"line":1}},"branchMap":{"0":{"loc":{"start":{"line":1,"column":41},"end":{"line":1,"column":89}},"type":"default-arg","locations":[{"start":{"line":1,"column":51},"end":{"line":1,"column":89}}],"line":1}},"s":{"0":7,"1":5,"2":5},"f":{"0":5},"b":{"0":[5]},"_coverageSchema":"1a1c01bbd47fc00a2c39e90264f33305004495a9","hash":"971b789b4c12df2a524f62013e037392402b7056"}
,"C:\\Users\\Luis\\Desktop\\IPCA\\CTeSP\\2º Ano\\1ª Semestre\\Computação distribuida\\API\\src\\errors\\validationError.js": {"path":"C:\\Users\\Luis\\Desktop\\IPCA\\CTeSP\\2º Ano\\1ª Semestre\\Computação distribuida\\API\\src\\errors\\validationError.js","statementMap":{"0":{"start":{"line":1,"column":0},"end":{"line":4,"column":2}},"1":{"start":{"line":2,"column":2},"end":{"line":2,"column":32}},"2":{"start":{"line":3,"column":2},"end":{"line":3,"column":25}}},"fnMap":{"0":{"name":"validationError","decl":{"start":{"line":1,"column":26},"end":{"line":1,"column":41}},"loc":{"start":{"line":1,"column":51},"end":{"line":4,"column":1}},"line":1}},"branchMap":{},"s":{"0":7,"1":31,"2":31},"f":{"0":31},"b":{},"_coverageSchema":"1a1c01bbd47fc00a2c39e90264f33305004495a9","hash":"bafbc01120f69f1fa1d3363c4a78a1c9870cde1a"}
,"C:\\Users\\Luis\\Desktop\\IPCA\\CTeSP\\2º Ano\\1ª Semestre\\Computação distribuida\\API\\src\\routes\\accounts.js": {"path":"C:\\Users\\Luis\\Desktop\\IPCA\\CTeSP\\2º Ano\\1ª Semestre\\Computação distribuida\\API\\src\\routes\\accounts.js","statementMap":{"0":{"start":{"line":1,"column":16},"end":{"line":1,"column":34}},"1":{"start":{"line":2,"column":23},"end":{"line":2,"column":58}},"2":{"start":{"line":4,"column":0},"end":{"line":52,"column":2}},"3":{"start":{"line":5,"column":17},"end":{"line":5,"column":33}},"4":{"start":{"line":7,"column":2},"end":{"line":13,"column":5}},"5":{"start":{"line":8,"column":4},"end":{"line":12,"column":35}},"6":{"start":{"line":10,"column":8},"end":{"line":11,"column":20}},"7":{"start":{"line":10,"column":45},"end":{"line":10,"column":72}},"8":{"start":{"line":11,"column":13},"end":{"line":11,"column":20}},"9":{"start":{"line":12,"column":24},"end":{"line":12,"column":33}},"10":{"start":{"line":15,"column":2},"end":{"line":22,"column":5}},"11":{"start":{"line":16,"column":4},"end":{"line":21,"column":9}},"12":{"start":{"line":18,"column":8},"end":{"line":18,"column":44}},"13":{"start":{"line":20,"column":8},"end":{"line":20,"column":18}},"14":{"start":{"line":24,"column":2},"end":{"line":31,"column":5}},"15":{"start":{"line":25,"column":4},"end":{"line":30,"column":33}},"16":{"start":{"line":27,"column":8},"end":{"line":27,"column":123}},"17":{"start":{"line":27,"column":44},"end":{"line":27,"column":123}},"18":{"start":{"line":28,"column":8},"end":{"line":28,"column":44}},"19":{"start":{"line":30,"column":22},"end":{"line":30,"column":31}},"20":{"start":{"line":33,"column":2},"end":{"line":37,"column":5}},"21":{"start":{"line":34,"column":4},"end":{"line":36,"column":33}},"22":{"start":{"line":35,"column":25},"end":{"line":35,"column":56}},"23":{"start":{"line":36,"column":22},"end":{"line":36,"column":31}},"24":{"start":{"line":39,"column":2},"end":{"line":43,"column":5}},"25":{"start":{"line":40,"column":4},"end":{"line":42,"column":33}},"26":{"start":{"line":41,"column":24},"end":{"line":41,"column":55}},"27":{"start":{"line":42,"column":22},"end":{"line":42,"column":31}},"28":{"start":{"line":45,"column":2},"end":{"line":49,"column":5}},"29":{"start":{"line":46,"column":4},"end":{"line":48,"column":33}},"30":{"start":{"line":47,"column":18},"end":{"line":47,"column":40}},"31":{"start":{"line":48,"column":22},"end":{"line":48,"column":31}},"32":{"start":{"line":51,"column":2},"end":{"line":51,"column":16}}},"fnMap":{"0":{"name":"(anonymous_0)","decl":{"start":{"line":4,"column":17},"end":{"line":4,"column":18}},"loc":{"start":{"line":4,"column":26},"end":{"line":52,"column":1}},"line":4},"1":{"name":"(anonymous_1)","decl":{"start":{"line":7,"column":21},"end":{"line":7,"column":22}},"loc":{"start":{"line":7,"column":41},"end":{"line":13,"column":3}},"line":7},"2":{"name":"(anonymous_2)","decl":{"start":{"line":9,"column":12},"end":{"line":9,"column":13}},"loc":{"start":{"line":9,"column":25},"end":{"line":12,"column":7}},"line":9},"3":{"name":"(anonymous_3)","decl":{"start":{"line":12,"column":15},"end":{"line":12,"column":16}},"loc":{"start":{"line":12,"column":24},"end":{"line":12,"column":33}},"line":12},"4":{"name":"(anonymous_4)","decl":{"start":{"line":15,"column":18},"end":{"line":15,"column":19}},"loc":{"start":{"line":15,"column":38},"end":{"line":22,"column":3}},"line":15},"5":{"name":"(anonymous_5)","decl":{"start":{"line":17,"column":12},"end":{"line":17,"column":13}},"loc":{"start":{"line":17,"column":24},"end":{"line":19,"column":7}},"line":17},"6":{"name":"(anonymous_6)","decl":{"start":{"line":19,"column":15},"end":{"line":19,"column":16}},"loc":{"start":{"line":19,"column":24},"end":{"line":21,"column":7}},"line":19},"7":{"name":"(anonymous_7)","decl":{"start":{"line":24,"column":21},"end":{"line":24,"column":22}},"loc":{"start":{"line":24,"column":41},"end":{"line":31,"column":3}},"line":24},"8":{"name":"(anonymous_8)","decl":{"start":{"line":26,"column":12},"end":{"line":26,"column":13}},"loc":{"start":{"line":26,"column":24},"end":{"line":29,"column":7}},"line":26},"9":{"name":"(anonymous_9)","decl":{"start":{"line":30,"column":13},"end":{"line":30,"column":14}},"loc":{"start":{"line":30,"column":22},"end":{"line":30,"column":31}},"line":30},"10":{"name":"(anonymous_10)","decl":{"start":{"line":33,"column":19},"end":{"line":33,"column":20}},"loc":{"start":{"line":33,"column":39},"end":{"line":37,"column":3}},"line":33},"11":{"name":"(anonymous_11)","decl":{"start":{"line":35,"column":12},"end":{"line":35,"column":13}},"loc":{"start":{"line":35,"column":25},"end":{"line":35,"column":56}},"line":35},"12":{"name":"(anonymous_12)","decl":{"start":{"line":36,"column":13},"end":{"line":36,"column":14}},"loc":{"start":{"line":36,"column":22},"end":{"line":36,"column":31}},"line":36},"13":{"name":"(anonymous_13)","decl":{"start":{"line":39,"column":21},"end":{"line":39,"column":22}},"loc":{"start":{"line":39,"column":41},"end":{"line":43,"column":3}},"line":39},"14":{"name":"(anonymous_14)","decl":{"start":{"line":41,"column":12},"end":{"line":41,"column":13}},"loc":{"start":{"line":41,"column":24},"end":{"line":41,"column":55}},"line":41},"15":{"name":"(anonymous_15)","decl":{"start":{"line":42,"column":13},"end":{"line":42,"column":14}},"loc":{"start":{"line":42,"column":22},"end":{"line":42,"column":31}},"line":42},"16":{"name":"(anonymous_16)","decl":{"start":{"line":45,"column":24},"end":{"line":45,"column":25}},"loc":{"start":{"line":45,"column":50},"end":{"line":49,"column":3}},"line":45},"17":{"name":"(anonymous_17)","decl":{"start":{"line":47,"column":12},"end":{"line":47,"column":13}},"loc":{"start":{"line":47,"column":18},"end":{"line":47,"column":40}},"line":47},"18":{"name":"(anonymous_18)","decl":{"start":{"line":48,"column":13},"end":{"line":48,"column":14}},"loc":{"start":{"line":48,"column":22},"end":{"line":48,"column":31}},"line":48}},"branchMap":{"0":{"loc":{"start":{"line":10,"column":8},"end":{"line":11,"column":20}},"type":"if","locations":[{"start":{"line":10,"column":8},"end":{"line":11,"column":20}},{"start":{"line":11,"column":13},"end":{"line":11,"column":20}}],"line":10},"1":{"loc":{"start":{"line":27,"column":8},"end":{"line":27,"column":123}},"type":"if","locations":[{"start":{"line":27,"column":8},"end":{"line":27,"column":123}},{"start":{},"end":{}}],"line":27}},"s":{"0":7,"1":7,"2":7,"3":7,"4":7,"5":7,"6":7,"7":3,"8":4,"9":3,"10":7,"11":2,"12":2,"13":0,"14":7,"15":1,"16":1,"17":0,"18":1,"19":0,"20":7,"21":2,"22":1,"23":1,"24":7,"25":1,"26":1,"27":0,"28":7,"29":2,"30":1,"31":1,"32":7},"f":{"0":7,"1":7,"2":7,"3":3,"4":2,"5":2,"6":0,"7":1,"8":1,"9":0,"10":2,"11":1,"12":1,"13":1,"14":1,"15":0,"16":2,"17":1,"18":1},"b":{"0":[3,4],"1":[0,1]},"_coverageSchema":"1a1c01bbd47fc00a2c39e90264f33305004495a9","hash":"243e39a5eb29f487cb4033ea24b7b83ab2de8807"}
,"C:\\Users\\Luis\\Desktop\\IPCA\\CTeSP\\2º Ano\\1ª Semestre\\Computação distribuida\\API\\src\\routes\\auths.js": {"path":"C:\\Users\\Luis\\Desktop\\IPCA\\CTeSP\\2º Ano\\1ª Semestre\\Computação distribuida\\API\\src\\routes\\auths.js","statementMap":{"0":{"start":{"line":1,"column":16},"end":{"line":1,"column":34}},"1":{"start":{"line":2,"column":12},"end":{"line":2,"column":33}},"2":{"start":{"line":3,"column":15},"end":{"line":3,"column":39}},"3":{"start":{"line":4,"column":24},"end":{"line":4,"column":60}},"4":{"start":{"line":6,"column":15},"end":{"line":6,"column":32}},"5":{"start":{"line":8,"column":0},"end":{"line":37,"column":2}},"6":{"start":{"line":9,"column":17},"end":{"line":9,"column":33}},"7":{"start":{"line":11,"column":2},"end":{"line":25,"column":5}},"8":{"start":{"line":12,"column":4},"end":{"line":24,"column":35}},"9":{"start":{"line":14,"column":8},"end":{"line":14,"column":74}},"10":{"start":{"line":14,"column":19},"end":{"line":14,"column":74}},"11":{"start":{"line":15,"column":8},"end":{"line":23,"column":70}},"12":{"start":{"line":16,"column":26},"end":{"line":20,"column":11}},"13":{"start":{"line":21,"column":24},"end":{"line":21,"column":51}},"14":{"start":{"line":22,"column":10},"end":{"line":22,"column":42}},"15":{"start":{"line":23,"column":15},"end":{"line":23,"column":70}},"16":{"start":{"line":24,"column":24},"end":{"line":24,"column":33}},"17":{"start":{"line":27,"column":2},"end":{"line":34,"column":5}},"18":{"start":{"line":28,"column":4},"end":{"line":33,"column":5}},"19":{"start":{"line":29,"column":21},"end":{"line":29,"column":59}},"20":{"start":{"line":30,"column":6},"end":{"line":30,"column":45}},"21":{"start":{"line":32,"column":6},"end":{"line":32,"column":23}},"22":{"start":{"line":36,"column":2},"end":{"line":36,"column":16}}},"fnMap":{"0":{"name":"(anonymous_0)","decl":{"start":{"line":8,"column":17},"end":{"line":8,"column":18}},"loc":{"start":{"line":8,"column":26},"end":{"line":37,"column":1}},"line":8},"1":{"name":"(anonymous_1)","decl":{"start":{"line":11,"column":25},"end":{"line":11,"column":26}},"loc":{"start":{"line":11,"column":45},"end":{"line":25,"column":3}},"line":11},"2":{"name":"(anonymous_2)","decl":{"start":{"line":13,"column":12},"end":{"line":13,"column":13}},"loc":{"start":{"line":13,"column":22},"end":{"line":24,"column":7}},"line":13},"3":{"name":"(anonymous_3)","decl":{"start":{"line":24,"column":15},"end":{"line":24,"column":16}},"loc":{"start":{"line":24,"column":24},"end":{"line":24,"column":33}},"line":24},"4":{"name":"(anonymous_4)","decl":{"start":{"line":27,"column":25},"end":{"line":27,"column":26}},"loc":{"start":{"line":27,"column":51},"end":{"line":34,"column":3}},"line":27}},"branchMap":{"0":{"loc":{"start":{"line":14,"column":8},"end":{"line":14,"column":74}},"type":"if","locations":[{"start":{"line":14,"column":8},"end":{"line":14,"column":74}},{"start":{},"end":{}}],"line":14},"1":{"loc":{"start":{"line":15,"column":8},"end":{"line":23,"column":70}},"type":"if","locations":[{"start":{"line":15,"column":8},"end":{"line":23,"column":70}},{"start":{"line":23,"column":15},"end":{"line":23,"column":70}}],"line":15}},"s":{"0":7,"1":7,"2":7,"3":7,"4":7,"5":7,"6":7,"7":7,"8":3,"9":3,"10":1,"11":2,"12":1,"13":1,"14":1,"15":1,"16":2,"17":7,"18":1,"19":1,"20":1,"21":0,"22":7},"f":{"0":7,"1":3,"2":3,"3":2,"4":1},"b":{"0":[1,2],"1":[1,1]},"_coverageSchema":"1a1c01bbd47fc00a2c39e90264f33305004495a9","hash":"5723d224eb3decccd2d47c15fa119112d262dd9d"}
,"C:\\Users\\Luis\\Desktop\\IPCA\\CTeSP\\2º Ano\\1ª Semestre\\Computação distribuida\\API\\src\\routes\\balances.js": {"path":"C:\\Users\\Luis\\Desktop\\IPCA\\CTeSP\\2º Ano\\1ª Semestre\\Computação distribuida\\API\\src\\routes\\balances.js","statementMap":{"0":{"start":{"line":1,"column":16},"end":{"line":1,"column":34}},"1":{"start":{"line":3,"column":0},"end":{"line":13,"column":2}},"2":{"start":{"line":4,"column":17},"end":{"line":4,"column":33}},"3":{"start":{"line":6,"column":2},"end":{"line":10,"column":5}},"4":{"start":{"line":7,"column":4},"end":{"line":9,"column":33}},"5":{"start":{"line":8,"column":24},"end":{"line":8,"column":52}},"6":{"start":{"line":9,"column":22},"end":{"line":9,"column":31}},"7":{"start":{"line":12,"column":2},"end":{"line":12,"column":16}}},"fnMap":{"0":{"name":"(anonymous_0)","decl":{"start":{"line":3,"column":17},"end":{"line":3,"column":18}},"loc":{"start":{"line":3,"column":26},"end":{"line":13,"column":1}},"line":3},"1":{"name":"(anonymous_1)","decl":{"start":{"line":6,"column":18},"end":{"line":6,"column":19}},"loc":{"start":{"line":6,"column":38},"end":{"line":10,"column":3}},"line":6},"2":{"name":"(anonymous_2)","decl":{"start":{"line":8,"column":12},"end":{"line":8,"column":13}},"loc":{"start":{"line":8,"column":24},"end":{"line":8,"column":52}},"line":8},"3":{"name":"(anonymous_3)","decl":{"start":{"line":9,"column":13},"end":{"line":9,"column":14}},"loc":{"start":{"line":9,"column":22},"end":{"line":9,"column":31}},"line":9}},"branchMap":{},"s":{"0":7,"1":7,"2":7,"3":7,"4":10,"5":10,"6":0,"7":7},"f":{"0":7,"1":10,"2":10,"3":0},"b":{},"_coverageSchema":"1a1c01bbd47fc00a2c39e90264f33305004495a9","hash":"a58e8501c79db88f504800d95f500ec94da59b4d"}
,"C:\\Users\\Luis\\Desktop\\IPCA\\CTeSP\\2º Ano\\1ª Semestre\\Computação distribuida\\API\\src\\routes\\transactions.js": {"path":"C:\\Users\\Luis\\Desktop\\IPCA\\CTeSP\\2º Ano\\1ª Semestre\\Computação distribuida\\API\\src\\routes\\transactions.js","statementMap":{"0":{"start":{"line":1,"column":16},"end":{"line":1,"column":34}},"1":{"start":{"line":2,"column":23},"end":{"line":2,"column":58}},"2":{"start":{"line":4,"column":0},"end":{"line":46,"column":2}},"3":{"start":{"line":5,"column":17},"end":{"line":5,"column":33}},"4":{"start":{"line":7,"column":2},"end":{"line":13,"column":5}},"5":{"start":{"line":8,"column":4},"end":{"line":12,"column":35}},"6":{"start":{"line":10,"column":8},"end":{"line":11,"column":40}},"7":{"start":{"line":10,"column":31},"end":{"line":10,"column":38}},"8":{"start":{"line":11,"column":13},"end":{"line":11,"column":40}},"9":{"start":{"line":12,"column":24},"end":{"line":12,"column":33}},"10":{"start":{"line":15,"column":2},"end":{"line":19,"column":5}},"11":{"start":{"line":16,"column":4},"end":{"line":18,"column":33}},"12":{"start":{"line":17,"column":24},"end":{"line":17,"column":52}},"13":{"start":{"line":18,"column":22},"end":{"line":18,"column":31}},"14":{"start":{"line":21,"column":2},"end":{"line":25,"column":5}},"15":{"start":{"line":22,"column":4},"end":{"line":24,"column":33}},"16":{"start":{"line":23,"column":24},"end":{"line":23,"column":52}},"17":{"start":{"line":24,"column":22},"end":{"line":24,"column":31}},"18":{"start":{"line":27,"column":2},"end":{"line":31,"column":5}},"19":{"start":{"line":28,"column":4},"end":{"line":30,"column":33}},"20":{"start":{"line":29,"column":24},"end":{"line":29,"column":55}},"21":{"start":{"line":30,"column":22},"end":{"line":30,"column":31}},"22":{"start":{"line":33,"column":2},"end":{"line":37,"column":5}},"23":{"start":{"line":34,"column":4},"end":{"line":36,"column":33}},"24":{"start":{"line":35,"column":24},"end":{"line":35,"column":55}},"25":{"start":{"line":36,"column":22},"end":{"line":36,"column":31}},"26":{"start":{"line":39,"column":2},"end":{"line":43,"column":5}},"27":{"start":{"line":40,"column":4},"end":{"line":42,"column":33}},"28":{"start":{"line":41,"column":18},"end":{"line":41,"column":40}},"29":{"start":{"line":42,"column":22},"end":{"line":42,"column":31}},"30":{"start":{"line":45,"column":2},"end":{"line":45,"column":16}}},"fnMap":{"0":{"name":"(anonymous_0)","decl":{"start":{"line":4,"column":17},"end":{"line":4,"column":18}},"loc":{"start":{"line":4,"column":26},"end":{"line":46,"column":1}},"line":4},"1":{"name":"(anonymous_1)","decl":{"start":{"line":7,"column":21},"end":{"line":7,"column":22}},"loc":{"start":{"line":7,"column":41},"end":{"line":13,"column":3}},"line":7},"2":{"name":"(anonymous_2)","decl":{"start":{"line":9,"column":12},"end":{"line":9,"column":13}},"loc":{"start":{"line":9,"column":24},"end":{"line":12,"column":7}},"line":9},"3":{"name":"(anonymous_3)","decl":{"start":{"line":12,"column":15},"end":{"line":12,"column":16}},"loc":{"start":{"line":12,"column":24},"end":{"line":12,"column":33}},"line":12},"4":{"name":"(anonymous_4)","decl":{"start":{"line":15,"column":18},"end":{"line":15,"column":19}},"loc":{"start":{"line":15,"column":38},"end":{"line":19,"column":3}},"line":15},"5":{"name":"(anonymous_5)","decl":{"start":{"line":17,"column":12},"end":{"line":17,"column":13}},"loc":{"start":{"line":17,"column":24},"end":{"line":17,"column":52}},"line":17},"6":{"name":"(anonymous_6)","decl":{"start":{"line":18,"column":13},"end":{"line":18,"column":14}},"loc":{"start":{"line":18,"column":22},"end":{"line":18,"column":31}},"line":18},"7":{"name":"(anonymous_7)","decl":{"start":{"line":21,"column":21},"end":{"line":21,"column":22}},"loc":{"start":{"line":21,"column":41},"end":{"line":25,"column":3}},"line":21},"8":{"name":"(anonymous_8)","decl":{"start":{"line":23,"column":12},"end":{"line":23,"column":13}},"loc":{"start":{"line":23,"column":24},"end":{"line":23,"column":52}},"line":23},"9":{"name":"(anonymous_9)","decl":{"start":{"line":24,"column":13},"end":{"line":24,"column":14}},"loc":{"start":{"line":24,"column":22},"end":{"line":24,"column":31}},"line":24},"10":{"name":"(anonymous_10)","decl":{"start":{"line":27,"column":19},"end":{"line":27,"column":20}},"loc":{"start":{"line":27,"column":39},"end":{"line":31,"column":3}},"line":27},"11":{"name":"(anonymous_11)","decl":{"start":{"line":29,"column":12},"end":{"line":29,"column":13}},"loc":{"start":{"line":29,"column":24},"end":{"line":29,"column":55}},"line":29},"12":{"name":"(anonymous_12)","decl":{"start":{"line":30,"column":13},"end":{"line":30,"column":14}},"loc":{"start":{"line":30,"column":22},"end":{"line":30,"column":31}},"line":30},"13":{"name":"(anonymous_13)","decl":{"start":{"line":33,"column":21},"end":{"line":33,"column":22}},"loc":{"start":{"line":33,"column":41},"end":{"line":37,"column":3}},"line":33},"14":{"name":"(anonymous_14)","decl":{"start":{"line":35,"column":12},"end":{"line":35,"column":13}},"loc":{"start":{"line":35,"column":24},"end":{"line":35,"column":55}},"line":35},"15":{"name":"(anonymous_15)","decl":{"start":{"line":36,"column":13},"end":{"line":36,"column":14}},"loc":{"start":{"line":36,"column":22},"end":{"line":36,"column":31}},"line":36},"16":{"name":"(anonymous_16)","decl":{"start":{"line":39,"column":24},"end":{"line":39,"column":25}},"loc":{"start":{"line":39,"column":44},"end":{"line":43,"column":3}},"line":39},"17":{"name":"(anonymous_17)","decl":{"start":{"line":41,"column":12},"end":{"line":41,"column":13}},"loc":{"start":{"line":41,"column":18},"end":{"line":41,"column":40}},"line":41},"18":{"name":"(anonymous_18)","decl":{"start":{"line":42,"column":13},"end":{"line":42,"column":14}},"loc":{"start":{"line":42,"column":22},"end":{"line":42,"column":31}},"line":42}},"branchMap":{"0":{"loc":{"start":{"line":10,"column":8},"end":{"line":11,"column":40}},"type":"if","locations":[{"start":{"line":10,"column":8},"end":{"line":11,"column":40}},{"start":{"line":11,"column":13},"end":{"line":11,"column":40}}],"line":10}},"s":{"0":7,"1":7,"2":7,"3":7,"4":7,"5":4,"6":4,"7":3,"8":1,"9":1,"10":7,"11":1,"12":1,"13":0,"14":7,"15":1,"16":1,"17":0,"18":7,"19":16,"20":10,"21":0,"22":7,"23":1,"24":1,"25":0,"26":7,"27":1,"28":1,"29":0,"30":7},"f":{"0":7,"1":4,"2":4,"3":1,"4":1,"5":1,"6":0,"7":1,"8":1,"9":0,"10":16,"11":10,"12":0,"13":1,"14":1,"15":0,"16":1,"17":1,"18":0},"b":{"0":[3,1]},"_coverageSchema":"1a1c01bbd47fc00a2c39e90264f33305004495a9","hash":"f6d3c22ab68f8b8b25d7fdf837bbf1d44666c18d"}
,"C:\\Users\\Luis\\Desktop\\IPCA\\CTeSP\\2º Ano\\1ª Semestre\\Computação distribuida\\API\\src\\routes\\transfers.js": {"path":"C:\\Users\\Luis\\Desktop\\IPCA\\CTeSP\\2º Ano\\1ª Semestre\\Computação distribuida\\API\\src\\routes\\transfers.js","statementMap":{"0":{"start":{"line":1,"column":16},"end":{"line":1,"column":34}},"1":{"start":{"line":2,"column":23},"end":{"line":2,"column":58}},"2":{"start":{"line":4,"column":0},"end":{"line":54,"column":2}},"3":{"start":{"line":5,"column":17},"end":{"line":5,"column":33}},"4":{"start":{"line":7,"column":2},"end":{"line":13,"column":5}},"5":{"start":{"line":8,"column":4},"end":{"line":12,"column":35}},"6":{"start":{"line":10,"column":8},"end":{"line":10,"column":71}},"7":{"start":{"line":10,"column":44},"end":{"line":10,"column":71}},"8":{"start":{"line":11,"column":8},"end":{"line":11,"column":15}},"9":{"start":{"line":12,"column":24},"end":{"line":12,"column":33}},"10":{"start":{"line":15,"column":19},"end":{"line":19,"column":3}},"11":{"start":{"line":16,"column":4},"end":{"line":18,"column":33}},"12":{"start":{"line":17,"column":18},"end":{"line":17,"column":24}},"13":{"start":{"line":18,"column":22},"end":{"line":18,"column":31}},"14":{"start":{"line":21,"column":2},"end":{"line":25,"column":5}},"15":{"start":{"line":22,"column":4},"end":{"line":24,"column":33}},"16":{"start":{"line":23,"column":24},"end":{"line":23,"column":52}},"17":{"start":{"line":24,"column":22},"end":{"line":24,"column":31}},"18":{"start":{"line":27,"column":2},"end":{"line":32,"column":5}},"19":{"start":{"line":28,"column":21},"end":{"line":28,"column":58}},"20":{"start":{"line":29,"column":4},"end":{"line":31,"column":33}},"21":{"start":{"line":30,"column":24},"end":{"line":30,"column":55}},"22":{"start":{"line":31,"column":22},"end":{"line":31,"column":31}},"23":{"start":{"line":34,"column":2},"end":{"line":38,"column":5}},"24":{"start":{"line":35,"column":4},"end":{"line":37,"column":33}},"25":{"start":{"line":36,"column":24},"end":{"line":36,"column":52}},"26":{"start":{"line":37,"column":22},"end":{"line":37,"column":31}},"27":{"start":{"line":40,"column":2},"end":{"line":45,"column":5}},"28":{"start":{"line":41,"column":21},"end":{"line":41,"column":58}},"29":{"start":{"line":42,"column":4},"end":{"line":44,"column":33}},"30":{"start":{"line":43,"column":24},"end":{"line":43,"column":55}},"31":{"start":{"line":44,"column":22},"end":{"line":44,"column":31}},"32":{"start":{"line":47,"column":2},"end":{"line":51,"column":5}},"33":{"start":{"line":48,"column":4},"end":{"line":50,"column":33}},"34":{"start":{"line":49,"column":18},"end":{"line":49,"column":40}},"35":{"start":{"line":50,"column":22},"end":{"line":50,"column":31}},"36":{"start":{"line":53,"column":2},"end":{"line":53,"column":16}}},"fnMap":{"0":{"name":"(anonymous_0)","decl":{"start":{"line":4,"column":17},"end":{"line":4,"column":18}},"loc":{"start":{"line":4,"column":26},"end":{"line":54,"column":1}},"line":4},"1":{"name":"(anonymous_1)","decl":{"start":{"line":7,"column":21},"end":{"line":7,"column":22}},"loc":{"start":{"line":7,"column":41},"end":{"line":13,"column":3}},"line":7},"2":{"name":"(anonymous_2)","decl":{"start":{"line":9,"column":12},"end":{"line":9,"column":13}},"loc":{"start":{"line":9,"column":24},"end":{"line":12,"column":7}},"line":9},"3":{"name":"(anonymous_3)","decl":{"start":{"line":12,"column":15},"end":{"line":12,"column":16}},"loc":{"start":{"line":12,"column":24},"end":{"line":12,"column":33}},"line":12},"4":{"name":"(anonymous_4)","decl":{"start":{"line":15,"column":19},"end":{"line":15,"column":20}},"loc":{"start":{"line":15,"column":39},"end":{"line":19,"column":3}},"line":15},"5":{"name":"(anonymous_5)","decl":{"start":{"line":17,"column":12},"end":{"line":17,"column":13}},"loc":{"start":{"line":17,"column":18},"end":{"line":17,"column":24}},"line":17},"6":{"name":"(anonymous_6)","decl":{"start":{"line":18,"column":13},"end":{"line":18,"column":14}},"loc":{"start":{"line":18,"column":22},"end":{"line":18,"column":31}},"line":18},"7":{"name":"(anonymous_7)","decl":{"start":{"line":21,"column":18},"end":{"line":21,"column":19}},"loc":{"start":{"line":21,"column":38},"end":{"line":25,"column":3}},"line":21},"8":{"name":"(anonymous_8)","decl":{"start":{"line":23,"column":12},"end":{"line":23,"column":13}},"loc":{"start":{"line":23,"column":24},"end":{"line":23,"column":52}},"line":23},"9":{"name":"(anonymous_9)","decl":{"start":{"line":24,"column":13},"end":{"line":24,"column":14}},"loc":{"start":{"line":24,"column":22},"end":{"line":24,"column":31}},"line":24},"10":{"name":"(anonymous_10)","decl":{"start":{"line":27,"column":29},"end":{"line":27,"column":30}},"loc":{"start":{"line":27,"column":49},"end":{"line":32,"column":3}},"line":27},"11":{"name":"(anonymous_11)","decl":{"start":{"line":30,"column":12},"end":{"line":30,"column":13}},"loc":{"start":{"line":30,"column":24},"end":{"line":30,"column":55}},"line":30},"12":{"name":"(anonymous_12)","decl":{"start":{"line":31,"column":13},"end":{"line":31,"column":14}},"loc":{"start":{"line":31,"column":22},"end":{"line":31,"column":31}},"line":31},"13":{"name":"(anonymous_13)","decl":{"start":{"line":34,"column":21},"end":{"line":34,"column":22}},"loc":{"start":{"line":34,"column":41},"end":{"line":38,"column":3}},"line":34},"14":{"name":"(anonymous_14)","decl":{"start":{"line":36,"column":12},"end":{"line":36,"column":13}},"loc":{"start":{"line":36,"column":24},"end":{"line":36,"column":52}},"line":36},"15":{"name":"(anonymous_15)","decl":{"start":{"line":37,"column":13},"end":{"line":37,"column":14}},"loc":{"start":{"line":37,"column":22},"end":{"line":37,"column":31}},"line":37},"16":{"name":"(anonymous_16)","decl":{"start":{"line":40,"column":31},"end":{"line":40,"column":32}},"loc":{"start":{"line":40,"column":51},"end":{"line":45,"column":3}},"line":40},"17":{"name":"(anonymous_17)","decl":{"start":{"line":43,"column":12},"end":{"line":43,"column":13}},"loc":{"start":{"line":43,"column":24},"end":{"line":43,"column":55}},"line":43},"18":{"name":"(anonymous_18)","decl":{"start":{"line":44,"column":13},"end":{"line":44,"column":14}},"loc":{"start":{"line":44,"column":22},"end":{"line":44,"column":31}},"line":44},"19":{"name":"(anonymous_19)","decl":{"start":{"line":47,"column":24},"end":{"line":47,"column":25}},"loc":{"start":{"line":47,"column":44},"end":{"line":51,"column":3}},"line":47},"20":{"name":"(anonymous_20)","decl":{"start":{"line":49,"column":12},"end":{"line":49,"column":13}},"loc":{"start":{"line":49,"column":18},"end":{"line":49,"column":40}},"line":49},"21":{"name":"(anonymous_21)","decl":{"start":{"line":50,"column":13},"end":{"line":50,"column":14}},"loc":{"start":{"line":50,"column":22},"end":{"line":50,"column":31}},"line":50}},"branchMap":{"0":{"loc":{"start":{"line":10,"column":8},"end":{"line":10,"column":71}},"type":"if","locations":[{"start":{"line":10,"column":8},"end":{"line":10,"column":71}},{"start":{},"end":{}}],"line":10}},"s":{"0":7,"1":7,"2":7,"3":7,"4":7,"5":12,"6":12,"7":1,"8":11,"9":1,"10":7,"11":20,"12":4,"13":16,"14":7,"15":1,"16":1,"17":0,"18":7,"19":3,"20":3,"21":3,"22":0,"23":7,"24":1,"25":1,"26":0,"27":7,"28":1,"29":1,"30":1,"31":0,"32":7,"33":1,"34":1,"35":0,"36":7},"f":{"0":7,"1":12,"2":12,"3":1,"4":20,"5":4,"6":16,"7":1,"8":1,"9":0,"10":3,"11":3,"12":0,"13":1,"14":1,"15":0,"16":1,"17":1,"18":0,"19":1,"20":1,"21":0},"b":{"0":[1,11]},"_coverageSchema":"1a1c01bbd47fc00a2c39e90264f33305004495a9","hash":"645fb1ae0c92ae1103344c93c609c0350b332ba4"}
,"C:\\Users\\Luis\\Desktop\\IPCA\\CTeSP\\2º Ano\\1ª Semestre\\Computação distribuida\\API\\src\\routes\\users.js": {"path":"C:\\Users\\Luis\\Desktop\\IPCA\\CTeSP\\2º Ano\\1ª Semestre\\Computação distribuida\\API\\src\\routes\\users.js","statementMap":{"0":{"start":{"line":1,"column":16},"end":{"line":1,"column":34}},"1":{"start":{"line":3,"column":0},"end":{"line":22,"column":2}},"2":{"start":{"line":4,"column":17},"end":{"line":4,"column":33}},"3":{"start":{"line":6,"column":2},"end":{"line":10,"column":5}},"4":{"start":{"line":7,"column":4},"end":{"line":9,"column":33}},"5":{"start":{"line":8,"column":24},"end":{"line":8,"column":52}},"6":{"start":{"line":9,"column":22},"end":{"line":9,"column":31}},"7":{"start":{"line":12,"column":2},"end":{"line":19,"column":5}},"8":{"start":{"line":13,"column":4},"end":{"line":18,"column":5}},"9":{"start":{"line":14,"column":21},"end":{"line":14,"column":59}},"10":{"start":{"line":15,"column":6},"end":{"line":15,"column":45}},"11":{"start":{"line":17,"column":6},"end":{"line":17,"column":23}},"12":{"start":{"line":21,"column":2},"end":{"line":21,"column":16}}},"fnMap":{"0":{"name":"(anonymous_0)","decl":{"start":{"line":3,"column":17},"end":{"line":3,"column":18}},"loc":{"start":{"line":3,"column":26},"end":{"line":22,"column":1}},"line":3},"1":{"name":"(anonymous_1)","decl":{"start":{"line":6,"column":18},"end":{"line":6,"column":19}},"loc":{"start":{"line":6,"column":38},"end":{"line":10,"column":3}},"line":6},"2":{"name":"(anonymous_2)","decl":{"start":{"line":8,"column":12},"end":{"line":8,"column":13}},"loc":{"start":{"line":8,"column":24},"end":{"line":8,"column":52}},"line":8},"3":{"name":"(anonymous_3)","decl":{"start":{"line":9,"column":13},"end":{"line":9,"column":14}},"loc":{"start":{"line":9,"column":22},"end":{"line":9,"column":31}},"line":9},"4":{"name":"(anonymous_4)","decl":{"start":{"line":12,"column":19},"end":{"line":12,"column":20}},"loc":{"start":{"line":12,"column":45},"end":{"line":19,"column":3}},"line":12}},"branchMap":{},"s":{"0":7,"1":7,"2":7,"3":7,"4":2,"5":1,"6":1,"7":7,"8":6,"9":6,"10":2,"11":4,"12":7},"f":{"0":7,"1":2,"2":1,"3":1,"4":6},"b":{},"_coverageSchema":"1a1c01bbd47fc00a2c39e90264f33305004495a9","hash":"733d76c113cd44fa327a493c0b86cf26a27ccc0e"}
,"C:\\Users\\Luis\\Desktop\\IPCA\\CTeSP\\2º Ano\\1ª Semestre\\Computação distribuida\\API\\src\\seed\\test\\01_transfers.js": {"path":"C:\\Users\\Luis\\Desktop\\IPCA\\CTeSP\\2º Ano\\1ª Semestre\\Computação distribuida\\API\\src\\seed\\test\\01_transfers.js","statementMap":{"0":{"start":{"line":1,"column":0},"end":{"line":42,"column":2}},"1":{"start":{"line":2,"column":2},"end":{"line":41,"column":8}},"2":{"start":{"line":3,"column":16},"end":{"line":3,"column":39}},"3":{"start":{"line":4,"column":16},"end":{"line":4,"column":38}},"4":{"start":{"line":5,"column":16},"end":{"line":5,"column":35}},"5":{"start":{"line":6,"column":16},"end":{"line":13,"column":6}},"6":{"start":{"line":14,"column":16},"end":{"line":19,"column":6}},"7":{"start":{"line":20,"column":16},"end":{"line":27,"column":6}},"8":{"start":{"line":28,"column":16},"end":{"line":41,"column":6}}},"fnMap":{"0":{"name":"(anonymous_0)","decl":{"start":{"line":1,"column":15},"end":{"line":1,"column":16}},"loc":{"start":{"line":1,"column":25},"end":{"line":42,"column":1}},"line":1},"1":{"name":"(anonymous_1)","decl":{"start":{"line":3,"column":10},"end":{"line":3,"column":11}},"loc":{"start":{"line":3,"column":16},"end":{"line":3,"column":39}},"line":3},"2":{"name":"(anonymous_2)","decl":{"start":{"line":4,"column":10},"end":{"line":4,"column":11}},"loc":{"start":{"line":4,"column":16},"end":{"line":4,"column":38}},"line":4},"3":{"name":"(anonymous_3)","decl":{"start":{"line":5,"column":10},"end":{"line":5,"column":11}},"loc":{"start":{"line":5,"column":16},"end":{"line":5,"column":35}},"line":5},"4":{"name":"(anonymous_4)","decl":{"start":{"line":6,"column":10},"end":{"line":6,"column":11}},"loc":{"start":{"line":6,"column":16},"end":{"line":13,"column":6}},"line":6},"5":{"name":"(anonymous_5)","decl":{"start":{"line":14,"column":10},"end":{"line":14,"column":11}},"loc":{"start":{"line":14,"column":16},"end":{"line":19,"column":6}},"line":14},"6":{"name":"(anonymous_6)","decl":{"start":{"line":20,"column":10},"end":{"line":20,"column":11}},"loc":{"start":{"line":20,"column":16},"end":{"line":27,"column":6}},"line":20},"7":{"name":"(anonymous_7)","decl":{"start":{"line":28,"column":10},"end":{"line":28,"column":11}},"loc":{"start":{"line":28,"column":16},"end":{"line":41,"column":6}},"line":28}},"branchMap":{},"s":{"0":2,"1":2,"2":2,"3":2,"4":2,"5":2,"6":2,"7":2,"8":2},"f":{"0":2,"1":2,"2":2,"3":2,"4":2,"5":2,"6":2,"7":2},"b":{},"_coverageSchema":"1a1c01bbd47fc00a2c39e90264f33305004495a9","hash":"c8f69b68958d9de0e2af45147006c5b326ec9957"}
,"C:\\Users\\Luis\\Desktop\\IPCA\\CTeSP\\2º Ano\\1ª Semestre\\Computação distribuida\\API\\src\\seed\\test\\02_balance.js": {"path":"C:\\Users\\Luis\\Desktop\\IPCA\\CTeSP\\2º Ano\\1ª Semestre\\Computação distribuida\\API\\src\\seed\\test\\02_balance.js","statementMap":{"0":{"start":{"line":1,"column":15},"end":{"line":1,"column":32}},"1":{"start":{"line":3,"column":0},"end":{"line":75,"column":2}},"2":{"start":{"line":4,"column":2},"end":{"line":74,"column":8}},"3":{"start":{"line":15,"column":16},"end":{"line":22,"column":6}},"4":{"start":{"line":23,"column":16},"end":{"line":30,"column":6}},"5":{"start":{"line":31,"column":16},"end":{"line":74,"column":6}}},"fnMap":{"0":{"name":"(anonymous_0)","decl":{"start":{"line":3,"column":15},"end":{"line":3,"column":16}},"loc":{"start":{"line":3,"column":25},"end":{"line":75,"column":1}},"line":3},"1":{"name":"(anonymous_1)","decl":{"start":{"line":15,"column":10},"end":{"line":15,"column":11}},"loc":{"start":{"line":15,"column":16},"end":{"line":22,"column":6}},"line":15},"2":{"name":"(anonymous_2)","decl":{"start":{"line":23,"column":10},"end":{"line":23,"column":11}},"loc":{"start":{"line":23,"column":16},"end":{"line":30,"column":6}},"line":23},"3":{"name":"(anonymous_3)","decl":{"start":{"line":31,"column":10},"end":{"line":31,"column":11}},"loc":{"start":{"line":31,"column":16},"end":{"line":74,"column":6}},"line":31}},"branchMap":{},"s":{"0":2,"1":2,"2":2,"3":2,"4":2,"5":2},"f":{"0":2,"1":2,"2":2,"3":2},"b":{},"_coverageSchema":"1a1c01bbd47fc00a2c39e90264f33305004495a9","hash":"cd042ebdb7f1995a3470260abd3f1655acdea123"}
,"C:\\Users\\Luis\\Desktop\\IPCA\\CTeSP\\2º Ano\\1ª Semestre\\Computação distribuida\\API\\src\\services\\account.js": {"path":"C:\\Users\\Luis\\Desktop\\IPCA\\CTeSP\\2º Ano\\1ª Semestre\\Computação distribuida\\API\\src\\services\\account.js","statementMap":{"0":{"start":{"line":1,"column":24},"end":{"line":1,"column":60}},"1":{"start":{"line":3,"column":0},"end":{"line":40,"column":2}},"2":{"start":{"line":4,"column":12},"end":{"line":4,"column":16}},"3":{"start":{"line":5,"column":18},"end":{"line":7,"column":3}},"4":{"start":{"line":6,"column":4},"end":{"line":6,"column":56}},"5":{"start":{"line":9,"column":15},"end":{"line":11,"column":3}},"6":{"start":{"line":10,"column":4},"end":{"line":10,"column":52}},"7":{"start":{"line":13,"column":15},"end":{"line":20,"column":3}},"8":{"start":{"line":14,"column":4},"end":{"line":14,"column":83}},"9":{"start":{"line":14,"column":23},"end":{"line":14,"column":83}},"10":{"start":{"line":16,"column":18},"end":{"line":16,"column":78}},"11":{"start":{"line":17,"column":4},"end":{"line":17,"column":84}},"12":{"start":{"line":17,"column":15},"end":{"line":17,"column":84}},"13":{"start":{"line":19,"column":4},"end":{"line":19,"column":51}},"14":{"start":{"line":22,"column":17},"end":{"line":26,"column":3}},"15":{"start":{"line":23,"column":4},"end":{"line":25,"column":28}},"16":{"start":{"line":28,"column":17},"end":{"line":35,"column":3}},"17":{"start":{"line":29,"column":18},"end":{"line":29,"column":72}},"18":{"start":{"line":30,"column":4},"end":{"line":30,"column":77}},"19":{"start":{"line":30,"column":15},"end":{"line":30,"column":77}},"20":{"start":{"line":32,"column":4},"end":{"line":34,"column":13}},"21":{"start":{"line":37,"column":2},"end":{"line":39,"column":4}}},"fnMap":{"0":{"name":"(anonymous_0)","decl":{"start":{"line":3,"column":17},"end":{"line":3,"column":18}},"loc":{"start":{"line":3,"column":26},"end":{"line":40,"column":1}},"line":3},"1":{"name":"(anonymous_1)","decl":{"start":{"line":5,"column":18},"end":{"line":5,"column":19}},"loc":{"start":{"line":5,"column":35},"end":{"line":7,"column":3}},"line":5},"2":{"name":"(anonymous_2)","decl":{"start":{"line":9,"column":15},"end":{"line":9,"column":16}},"loc":{"start":{"line":9,"column":32},"end":{"line":11,"column":3}},"line":9},"3":{"name":"(anonymous_3)","decl":{"start":{"line":13,"column":15},"end":{"line":13,"column":16}},"loc":{"start":{"line":13,"column":34},"end":{"line":20,"column":3}},"line":13},"4":{"name":"(anonymous_4)","decl":{"start":{"line":22,"column":17},"end":{"line":22,"column":18}},"loc":{"start":{"line":22,"column":40},"end":{"line":26,"column":3}},"line":22},"5":{"name":"(anonymous_5)","decl":{"start":{"line":28,"column":17},"end":{"line":28,"column":18}},"loc":{"start":{"line":28,"column":31},"end":{"line":35,"column":3}},"line":28}},"branchMap":{"0":{"loc":{"start":{"line":5,"column":19},"end":{"line":5,"column":30}},"type":"default-arg","locations":[{"start":{"line":5,"column":28},"end":{"line":5,"column":30}}],"line":5},"1":{"loc":{"start":{"line":9,"column":16},"end":{"line":9,"column":27}},"type":"default-arg","locations":[{"start":{"line":9,"column":25},"end":{"line":9,"column":27}}],"line":9},"2":{"loc":{"start":{"line":14,"column":4},"end":{"line":14,"column":83}},"type":"if","locations":[{"start":{"line":14,"column":4},"end":{"line":14,"column":83}},{"start":{},"end":{}}],"line":14},"3":{"loc":{"start":{"line":17,"column":4},"end":{"line":17,"column":84}},"type":"if","locations":[{"start":{"line":17,"column":4},"end":{"line":17,"column":84}},{"start":{},"end":{}}],"line":17},"4":{"loc":{"start":{"line":30,"column":4},"end":{"line":30,"column":77}},"type":"if","locations":[{"start":{"line":30,"column":4},"end":{"line":30,"column":77}},{"start":{},"end":{}}],"line":30}},"s":{"0":7,"1":7,"2":7,"3":7,"4":2,"5":7,"6":10,"7":7,"8":2,"9":0,"10":2,"11":2,"12":1,"13":1,"14":7,"15":1,"16":7,"17":2,"18":2,"19":1,"20":1,"21":7},"f":{"0":7,"1":2,"2":10,"3":2,"4":1,"5":2},"b":{"0":[0],"1":[0],"2":[0,2],"3":[1,1],"4":[1,1]},"_coverageSchema":"1a1c01bbd47fc00a2c39e90264f33305004495a9","hash":"9a5a82d3c43b64b984109f84b513813978dbd60c"}
,"C:\\Users\\Luis\\Desktop\\IPCA\\CTeSP\\2º Ano\\1ª Semestre\\Computação distribuida\\API\\src\\services\\balance.js": {"path":"C:\\Users\\Luis\\Desktop\\IPCA\\CTeSP\\2º Ano\\1ª Semestre\\Computação distribuida\\API\\src\\services\\balance.js","statementMap":{"0":{"start":{"line":1,"column":0},"end":{"line":13,"column":2}},"1":{"start":{"line":2,"column":19},"end":{"line":10,"column":3}},"2":{"start":{"line":3,"column":4},"end":{"line":9,"column":25}},"3":{"start":{"line":12,"column":2},"end":{"line":12,"column":22}}},"fnMap":{"0":{"name":"(anonymous_0)","decl":{"start":{"line":1,"column":17},"end":{"line":1,"column":18}},"loc":{"start":{"line":1,"column":26},"end":{"line":13,"column":1}},"line":1},"1":{"name":"(anonymous_1)","decl":{"start":{"line":2,"column":19},"end":{"line":2,"column":20}},"loc":{"start":{"line":2,"column":31},"end":{"line":10,"column":3}},"line":2}},"branchMap":{},"s":{"0":7,"1":7,"2":10,"3":7},"f":{"0":7,"1":10},"b":{},"_coverageSchema":"1a1c01bbd47fc00a2c39e90264f33305004495a9","hash":"f775bc706ced56ff0a0763294c73551955dd1ad5"}
,"C:\\Users\\Luis\\Desktop\\IPCA\\CTeSP\\2º Ano\\1ª Semestre\\Computação distribuida\\API\\src\\services\\transaction.js": {"path":"C:\\Users\\Luis\\Desktop\\IPCA\\CTeSP\\2º Ano\\1ª Semestre\\Computação distribuida\\API\\src\\services\\transaction.js","statementMap":{"0":{"start":{"line":1,"column":24},"end":{"line":1,"column":60}},"1":{"start":{"line":3,"column":0},"end":{"line":50,"column":2}},"2":{"start":{"line":4,"column":15},"end":{"line":10,"column":3}},"3":{"start":{"line":5,"column":4},"end":{"line":9,"column":16}},"4":{"start":{"line":12,"column":18},"end":{"line":16,"column":3}},"5":{"start":{"line":13,"column":4},"end":{"line":15,"column":15}},"6":{"start":{"line":18,"column":15},"end":{"line":33,"column":3}},"7":{"start":{"line":19,"column":4},"end":{"line":19,"column":88}},"8":{"start":{"line":19,"column":21},"end":{"line":19,"column":88}},"9":{"start":{"line":20,"column":4},"end":{"line":20,"column":87}},"10":{"start":{"line":20,"column":24},"end":{"line":20,"column":87}},"11":{"start":{"line":21,"column":4},"end":{"line":21,"column":83}},"12":{"start":{"line":21,"column":21},"end":{"line":21,"column":83}},"13":{"start":{"line":22,"column":4},"end":{"line":22,"column":86}},"14":{"start":{"line":22,"column":23},"end":{"line":22,"column":86}},"15":{"start":{"line":23,"column":4},"end":{"line":23,"column":83}},"16":{"start":{"line":23,"column":21},"end":{"line":23,"column":83}},"17":{"start":{"line":24,"column":4},"end":{"line":24,"column":111}},"18":{"start":{"line":24,"column":53},"end":{"line":24,"column":111}},"19":{"start":{"line":26,"column":21},"end":{"line":26,"column":33}},"20":{"start":{"line":27,"column":4},"end":{"line":30,"column":5}},"21":{"start":{"line":29,"column":6},"end":{"line":29,"column":29}},"22":{"start":{"line":31,"column":4},"end":{"line":32,"column":29}},"23":{"start":{"line":35,"column":17},"end":{"line":39,"column":3}},"24":{"start":{"line":36,"column":4},"end":{"line":38,"column":26}},"25":{"start":{"line":41,"column":17},"end":{"line":45,"column":3}},"26":{"start":{"line":42,"column":4},"end":{"line":44,"column":13}},"27":{"start":{"line":47,"column":2},"end":{"line":49,"column":4}}},"fnMap":{"0":{"name":"(anonymous_0)","decl":{"start":{"line":3,"column":17},"end":{"line":3,"column":18}},"loc":{"start":{"line":3,"column":26},"end":{"line":50,"column":1}},"line":3},"1":{"name":"(anonymous_1)","decl":{"start":{"line":4,"column":15},"end":{"line":4,"column":16}},"loc":{"start":{"line":4,"column":40},"end":{"line":10,"column":3}},"line":4},"2":{"name":"(anonymous_2)","decl":{"start":{"line":12,"column":18},"end":{"line":12,"column":19}},"loc":{"start":{"line":12,"column":35},"end":{"line":16,"column":3}},"line":12},"3":{"name":"(anonymous_3)","decl":{"start":{"line":18,"column":15},"end":{"line":18,"column":16}},"loc":{"start":{"line":18,"column":26},"end":{"line":33,"column":3}},"line":18},"4":{"name":"(anonymous_4)","decl":{"start":{"line":35,"column":17},"end":{"line":35,"column":18}},"loc":{"start":{"line":35,"column":32},"end":{"line":39,"column":3}},"line":35},"5":{"name":"(anonymous_5)","decl":{"start":{"line":41,"column":17},"end":{"line":41,"column":18}},"loc":{"start":{"line":41,"column":31},"end":{"line":45,"column":3}},"line":41}},"branchMap":{"0":{"loc":{"start":{"line":4,"column":24},"end":{"line":4,"column":35}},"type":"default-arg","locations":[{"start":{"line":4,"column":33},"end":{"line":4,"column":35}}],"line":4},"1":{"loc":{"start":{"line":12,"column":19},"end":{"line":12,"column":30}},"type":"default-arg","locations":[{"start":{"line":12,"column":28},"end":{"line":12,"column":30}}],"line":12},"2":{"loc":{"start":{"line":19,"column":4},"end":{"line":19,"column":88}},"type":"if","locations":[{"start":{"line":19,"column":4},"end":{"line":19,"column":88}},{"start":{},"end":{}}],"line":19},"3":{"loc":{"start":{"line":20,"column":4},"end":{"line":20,"column":87}},"type":"if","locations":[{"start":{"line":20,"column":4},"end":{"line":20,"column":87}},{"start":{},"end":{}}],"line":20},"4":{"loc":{"start":{"line":21,"column":4},"end":{"line":21,"column":83}},"type":"if","locations":[{"start":{"line":21,"column":4},"end":{"line":21,"column":83}},{"start":{},"end":{}}],"line":21},"5":{"loc":{"start":{"line":22,"column":4},"end":{"line":22,"column":86}},"type":"if","locations":[{"start":{"line":22,"column":4},"end":{"line":22,"column":86}},{"start":{},"end":{}}],"line":22},"6":{"loc":{"start":{"line":23,"column":4},"end":{"line":23,"column":83}},"type":"if","locations":[{"start":{"line":23,"column":4},"end":{"line":23,"column":83}},{"start":{},"end":{}}],"line":23},"7":{"loc":{"start":{"line":24,"column":4},"end":{"line":24,"column":111}},"type":"if","locations":[{"start":{"line":24,"column":4},"end":{"line":24,"column":111}},{"start":{},"end":{}}],"line":24},"8":{"loc":{"start":{"line":24,"column":10},"end":{"line":24,"column":50}},"type":"binary-expr","locations":[{"start":{"line":24,"column":10},"end":{"line":24,"column":28}},{"start":{"line":24,"column":32},"end":{"line":24,"column":50}}],"line":24},"9":{"loc":{"start":{"line":27,"column":4},"end":{"line":30,"column":5}},"type":"if","locations":[{"start":{"line":27,"column":4},"end":{"line":30,"column":5}},{"start":{},"end":{}}],"line":27},"10":{"loc":{"start":{"line":27,"column":8},"end":{"line":28,"column":50}},"type":"binary-expr","locations":[{"start":{"line":27,"column":9},"end":{"line":27,"column":27}},{"start":{"line":27,"column":31},"end":{"line":27,"column":48}},{"start":{"line":28,"column":10},"end":{"line":28,"column":28}},{"start":{"line":28,"column":32},"end":{"line":28,"column":49}}],"line":27}},"s":{"0":7,"1":7,"2":7,"3":5,"4":7,"5":3,"6":7,"7":16,"8":1,"9":15,"10":1,"11":14,"12":1,"13":13,"14":1,"15":12,"16":1,"17":11,"18":1,"19":10,"20":10,"21":5,"22":10,"23":7,"24":1,"25":7,"26":1,"27":7},"f":{"0":7,"1":5,"2":3,"3":16,"4":1,"5":1},"b":{"0":[1],"1":[0],"2":[1,15],"3":[1,14],"4":[1,13],"5":[1,12],"6":[1,11],"7":[1,10],"8":[11,5],"9":[5,5],"10":[10,6,9,4]},"_coverageSchema":"1a1c01bbd47fc00a2c39e90264f33305004495a9","hash":"77d66d1d198af7341e1fb664fa474b47447dd458"}
,"C:\\Users\\Luis\\Desktop\\IPCA\\CTeSP\\2º Ano\\1ª Semestre\\Computação distribuida\\API\\src\\services\\transfer.js": {"path":"C:\\Users\\Luis\\Desktop\\IPCA\\CTeSP\\2º Ano\\1ª Semestre\\Computação distribuida\\API\\src\\services\\transfer.js","statementMap":{"0":{"start":{"line":1,"column":24},"end":{"line":1,"column":60}},"1":{"start":{"line":3,"column":0},"end":{"line":75,"column":2}},"2":{"start":{"line":4,"column":15},"end":{"line":8,"column":3}},"3":{"start":{"line":5,"column":4},"end":{"line":7,"column":16}},"4":{"start":{"line":10,"column":18},"end":{"line":13,"column":3}},"5":{"start":{"line":11,"column":19},"end":{"line":11,"column":60}},"6":{"start":{"line":12,"column":4},"end":{"line":12,"column":18}},"7":{"start":{"line":15,"column":19},"end":{"line":27,"column":3}},"8":{"start":{"line":16,"column":4},"end":{"line":16,"column":91}},"9":{"start":{"line":16,"column":24},"end":{"line":16,"column":91}},"10":{"start":{"line":17,"column":4},"end":{"line":17,"column":90}},"11":{"start":{"line":17,"column":27},"end":{"line":17,"column":90}},"12":{"start":{"line":18,"column":4},"end":{"line":18,"column":86}},"13":{"start":{"line":18,"column":24},"end":{"line":18,"column":86}},"14":{"start":{"line":19,"column":4},"end":{"line":19,"column":103}},"15":{"start":{"line":19,"column":30},"end":{"line":19,"column":103}},"16":{"start":{"line":20,"column":4},"end":{"line":20,"column":105}},"17":{"start":{"line":20,"column":31},"end":{"line":20,"column":105}},"18":{"start":{"line":21,"column":4},"end":{"line":21,"column":132}},"19":{"start":{"line":21,"column":54},"end":{"line":21,"column":132}},"20":{"start":{"line":23,"column":21},"end":{"line":23,"column":104}},"21":{"start":{"line":24,"column":4},"end":{"line":26,"column":7}},"22":{"start":{"line":25,"column":6},"end":{"line":25,"column":143}},"23":{"start":{"line":25,"column":58},"end":{"line":25,"column":143}},"24":{"start":{"line":29,"column":15},"end":{"line":45,"column":3}},"25":{"start":{"line":30,"column":19},"end":{"line":30,"column":66}},"26":{"start":{"line":31,"column":23},"end":{"line":31,"column":35}},"27":{"start":{"line":33,"column":25},"end":{"line":40,"column":5}},"28":{"start":{"line":42,"column":4},"end":{"line":42,"column":54}},"29":{"start":{"line":44,"column":4},"end":{"line":44,"column":18}},"30":{"start":{"line":47,"column":17},"end":{"line":65,"column":3}},"31":{"start":{"line":48,"column":19},"end":{"line":50,"column":28}},"32":{"start":{"line":52,"column":25},"end":{"line":59,"column":5}},"33":{"start":{"line":61,"column":4},"end":{"line":61,"column":66}},"34":{"start":{"line":62,"column":4},"end":{"line":62,"column":54}},"35":{"start":{"line":64,"column":4},"end":{"line":64,"column":18}},"36":{"start":{"line":67,"column":17},"end":{"line":70,"column":3}},"37":{"start":{"line":68,"column":4},"end":{"line":68,"column":66}},"38":{"start":{"line":69,"column":4},"end":{"line":69,"column":51}},"39":{"start":{"line":72,"column":2},"end":{"line":74,"column":4}}},"fnMap":{"0":{"name":"(anonymous_0)","decl":{"start":{"line":3,"column":17},"end":{"line":3,"column":18}},"loc":{"start":{"line":3,"column":26},"end":{"line":75,"column":1}},"line":3},"1":{"name":"(anonymous_1)","decl":{"start":{"line":4,"column":15},"end":{"line":4,"column":16}},"loc":{"start":{"line":4,"column":32},"end":{"line":8,"column":3}},"line":4},"2":{"name":"(anonymous_2)","decl":{"start":{"line":10,"column":18},"end":{"line":10,"column":19}},"loc":{"start":{"line":10,"column":35},"end":{"line":13,"column":3}},"line":10},"3":{"name":"(anonymous_3)","decl":{"start":{"line":15,"column":19},"end":{"line":15,"column":20}},"loc":{"start":{"line":15,"column":39},"end":{"line":27,"column":3}},"line":15},"4":{"name":"(anonymous_4)","decl":{"start":{"line":24,"column":21},"end":{"line":24,"column":22}},"loc":{"start":{"line":24,"column":30},"end":{"line":26,"column":5}},"line":24},"5":{"name":"(anonymous_5)","decl":{"start":{"line":29,"column":15},"end":{"line":29,"column":16}},"loc":{"start":{"line":29,"column":35},"end":{"line":45,"column":3}},"line":29},"6":{"name":"(anonymous_6)","decl":{"start":{"line":47,"column":17},"end":{"line":47,"column":18}},"loc":{"start":{"line":47,"column":41},"end":{"line":65,"column":3}},"line":47},"7":{"name":"(anonymous_7)","decl":{"start":{"line":67,"column":17},"end":{"line":67,"column":18}},"loc":{"start":{"line":67,"column":31},"end":{"line":70,"column":3}},"line":67}},"branchMap":{"0":{"loc":{"start":{"line":4,"column":16},"end":{"line":4,"column":27}},"type":"default-arg","locations":[{"start":{"line":4,"column":25},"end":{"line":4,"column":27}}],"line":4},"1":{"loc":{"start":{"line":10,"column":19},"end":{"line":10,"column":30}},"type":"default-arg","locations":[{"start":{"line":10,"column":28},"end":{"line":10,"column":30}}],"line":10},"2":{"loc":{"start":{"line":16,"column":4},"end":{"line":16,"column":91}},"type":"if","locations":[{"start":{"line":16,"column":4},"end":{"line":16,"column":91}},{"start":{},"end":{}}],"line":16},"3":{"loc":{"start":{"line":17,"column":4},"end":{"line":17,"column":90}},"type":"if","locations":[{"start":{"line":17,"column":4},"end":{"line":17,"column":90}},{"start":{},"end":{}}],"line":17},"4":{"loc":{"start":{"line":18,"column":4},"end":{"line":18,"column":86}},"type":"if","locations":[{"start":{"line":18,"column":4},"end":{"line":18,"column":86}},{"start":{},"end":{}}],"line":18},"5":{"loc":{"start":{"line":19,"column":4},"end":{"line":19,"column":103}},"type":"if","locations":[{"start":{"line":19,"column":4},"end":{"line":19,"column":103}},{"start":{},"end":{}}],"line":19},"6":{"loc":{"start":{"line":20,"column":4},"end":{"line":20,"column":105}},"type":"if","locations":[{"start":{"line":20,"column":4},"end":{"line":20,"column":105}},{"start":{},"end":{}}],"line":20},"7":{"loc":{"start":{"line":21,"column":4},"end":{"line":21,"column":132}},"type":"if","locations":[{"start":{"line":21,"column":4},"end":{"line":21,"column":132}},{"start":{},"end":{}}],"line":21},"8":{"loc":{"start":{"line":25,"column":6},"end":{"line":25,"column":143}},"type":"if","locations":[{"start":{"line":25,"column":6},"end":{"line":25,"column":143}},{"start":{},"end":{}}],"line":25}},"s":{"0":7,"1":7,"2":7,"3":1,"4":7,"5":13,"6":13,"7":7,"8":20,"9":2,"10":18,"11":2,"12":16,"13":2,"14":14,"15":2,"16":12,"17":2,"18":10,"19":2,"20":8,"21":8,"22":16,"23":4,"24":7,"25":3,"26":3,"27":3,"28":3,"29":3,"30":7,"31":1,"32":1,"33":1,"34":1,"35":1,"36":7,"37":1,"38":1,"39":7},"f":{"0":7,"1":1,"2":13,"3":20,"4":16,"5":3,"6":1,"7":1},"b":{"0":[0],"1":[0],"2":[2,18],"3":[2,16],"4":[2,14],"5":[2,12],"6":[2,10],"7":[2,8],"8":[4,12]},"_coverageSchema":"1a1c01bbd47fc00a2c39e90264f33305004495a9","hash":"4d3a82ce4361e01479148045a4c14c7e81102db8"}
,"C:\\Users\\Luis\\Desktop\\IPCA\\CTeSP\\2º Ano\\1ª Semestre\\Computação distribuida\\API\\src\\services\\user.js": {"path":"C:\\Users\\Luis\\Desktop\\IPCA\\CTeSP\\2º Ano\\1ª Semestre\\Computação distribuida\\API\\src\\services\\user.js","statementMap":{"0":{"start":{"line":1,"column":15},"end":{"line":1,"column":39}},"1":{"start":{"line":2,"column":24},"end":{"line":2,"column":60}},"2":{"start":{"line":4,"column":0},"end":{"line":34,"column":2}},"3":{"start":{"line":5,"column":18},"end":{"line":9,"column":3}},"4":{"start":{"line":6,"column":22},"end":{"line":6,"column":109}},"5":{"start":{"line":7,"column":4},"end":{"line":7,"column":83}},"6":{"start":{"line":7,"column":43},"end":{"line":7,"column":83}},"7":{"start":{"line":8,"column":4},"end":{"line":8,"column":73}},"8":{"start":{"line":11,"column":18},"end":{"line":13,"column":3}},"9":{"start":{"line":12,"column":4},"end":{"line":12,"column":49}},"10":{"start":{"line":15,"column":26},"end":{"line":18,"column":3}},"11":{"start":{"line":16,"column":17},"end":{"line":16,"column":39}},"12":{"start":{"line":17,"column":4},"end":{"line":17,"column":43}},"13":{"start":{"line":20,"column":15},"end":{"line":31,"column":3}},"14":{"start":{"line":21,"column":4},"end":{"line":21,"column":82}},"15":{"start":{"line":21,"column":20},"end":{"line":21,"column":82}},"16":{"start":{"line":22,"column":4},"end":{"line":22,"column":84}},"17":{"start":{"line":22,"column":21},"end":{"line":22,"column":84}},"18":{"start":{"line":23,"column":4},"end":{"line":23,"column":90}},"19":{"start":{"line":23,"column":24},"end":{"line":23,"column":90}},"20":{"start":{"line":25,"column":19},"end":{"line":25,"column":55}},"21":{"start":{"line":26,"column":4},"end":{"line":26,"column":88}},"22":{"start":{"line":26,"column":37},"end":{"line":26,"column":88}},"23":{"start":{"line":28,"column":20},"end":{"line":28,"column":31}},"24":{"start":{"line":29,"column":4},"end":{"line":29,"column":54}},"25":{"start":{"line":30,"column":4},"end":{"line":30,"column":68}},"26":{"start":{"line":33,"column":2},"end":{"line":33,"column":36}}},"fnMap":{"0":{"name":"(anonymous_0)","decl":{"start":{"line":4,"column":17},"end":{"line":4,"column":18}},"loc":{"start":{"line":4,"column":26},"end":{"line":34,"column":1}},"line":4},"1":{"name":"(anonymous_1)","decl":{"start":{"line":5,"column":18},"end":{"line":5,"column":19}},"loc":{"start":{"line":5,"column":41},"end":{"line":9,"column":3}},"line":5},"2":{"name":"(anonymous_2)","decl":{"start":{"line":11,"column":18},"end":{"line":11,"column":19}},"loc":{"start":{"line":11,"column":35},"end":{"line":13,"column":3}},"line":11},"3":{"name":"(anonymous_3)","decl":{"start":{"line":15,"column":26},"end":{"line":15,"column":27}},"loc":{"start":{"line":15,"column":40},"end":{"line":18,"column":3}},"line":15},"4":{"name":"(anonymous_4)","decl":{"start":{"line":20,"column":15},"end":{"line":20,"column":16}},"loc":{"start":{"line":20,"column":31},"end":{"line":31,"column":3}},"line":20}},"branchMap":{"0":{"loc":{"start":{"line":5,"column":25},"end":{"line":5,"column":36}},"type":"default-arg","locations":[{"start":{"line":5,"column":34},"end":{"line":5,"column":36}}],"line":5},"1":{"loc":{"start":{"line":7,"column":4},"end":{"line":7,"column":83}},"type":"if","locations":[{"start":{"line":7,"column":4},"end":{"line":7,"column":83}},{"start":{},"end":{}}],"line":7},"2":{"loc":{"start":{"line":7,"column":8},"end":{"line":7,"column":41}},"type":"binary-expr","locations":[{"start":{"line":7,"column":8},"end":{"line":7,"column":17}},{"start":{"line":7,"column":21},"end":{"line":7,"column":41}}],"line":7},"3":{"loc":{"start":{"line":11,"column":19},"end":{"line":11,"column":30}},"type":"default-arg","locations":[{"start":{"line":11,"column":28},"end":{"line":11,"column":30}}],"line":11},"4":{"loc":{"start":{"line":21,"column":4},"end":{"line":21,"column":82}},"type":"if","locations":[{"start":{"line":21,"column":4},"end":{"line":21,"column":82}},{"start":{},"end":{}}],"line":21},"5":{"loc":{"start":{"line":22,"column":4},"end":{"line":22,"column":84}},"type":"if","locations":[{"start":{"line":22,"column":4},"end":{"line":22,"column":84}},{"start":{},"end":{}}],"line":22},"6":{"loc":{"start":{"line":23,"column":4},"end":{"line":23,"column":90}},"type":"if","locations":[{"start":{"line":23,"column":4},"end":{"line":23,"column":90}},{"start":{},"end":{}}],"line":23},"7":{"loc":{"start":{"line":26,"column":4},"end":{"line":26,"column":88}},"type":"if","locations":[{"start":{"line":26,"column":4},"end":{"line":26,"column":88}},{"start":{},"end":{}}],"line":26},"8":{"loc":{"start":{"line":26,"column":8},"end":{"line":26,"column":35}},"type":"binary-expr","locations":[{"start":{"line":26,"column":8},"end":{"line":26,"column":14}},{"start":{"line":26,"column":18},"end":{"line":26,"column":35}}],"line":26}},"s":{"0":7,"1":7,"2":7,"3":7,"4":11,"5":11,"6":1,"7":10,"8":7,"9":78,"10":7,"11":8,"12":8,"13":7,"14":12,"15":1,"16":11,"17":1,"18":10,"19":1,"20":9,"21":9,"22":1,"23":8,"24":8,"25":8,"26":7},"f":{"0":7,"1":11,"2":78,"3":8,"4":12},"b":{"0":[2],"1":[1,10],"2":[11,11],"3":[0],"4":[1,11],"5":[1,10],"6":[1,9],"7":[1,8],"8":[9,9]},"_coverageSchema":"1a1c01bbd47fc00a2c39e90264f33305004495a9","hash":"9e21079cd6e292d61c12082eb1065633c3ed19c5"}
}
