TN:
SF:knexfile.js
FNF:0
FNH:0
DA:1,7
LF:1
LH:1
BRF:0
BRH:0
end_of_record
TN:
SF:src\app.js
FN:18,(anonymous_0)
FN:22,(anonymous_1)
FNF:2
FNH:2
FNDA:1,(anonymous_0)
FNDA:36,(anonymous_1)
DA:1,7
DA:2,7
DA:4,7
DA:5,7
DA:7,7
DA:10,7
DA:18,7
DA:19,1
DA:22,7
DA:23,36
DA:24,36
DA:25,36
DA:26,31
DA:27,5
DA:30,7
LF:15
LH:15
BRDA:24,0,0,31
BRDA:24,0,1,5
BRDA:25,1,0,5
BRDA:25,1,1,31
BRF:4
BRH:4
end_of_record
TN:
SF:src\config\middlewares.js
FN:3,(anonymous_0)
FNF:1
FNH:1
FNDA:7,(anonymous_0)
DA:1,7
DA:3,7
DA:4,7
LF:3
LH:3
BRF:0
BRH:0
end_of_record
TN:
SF:src\config\passport.js
FN:8,(anonymous_0)
FN:14,(anonymous_1)
FN:16,(anonymous_2)
FN:19,(anonymous_3)
FN:25,(anonymous_4)
FNF:5
FNH:4
FNDA:7,(anonymous_0)
FNDA:74,(anonymous_1)
FNDA:74,(anonymous_2)
FNDA:0,(anonymous_3)
FNDA:7,(anonymous_4)
DA:1,7
DA:2,7
DA:4,7
DA:6,7
DA:8,7
DA:9,7
DA:14,7
DA:15,74
DA:17,74
DA:18,0
DA:19,0
DA:22,7
DA:24,7
DA:25,7
LF:14
LH:12
BRDA:17,0,0,74
BRDA:17,0,1,0
BRF:2
BRH:1
end_of_record
TN:
SF:src\config\router.js
FN:3,(anonymous_0)
FNF:1
FNH:1
FNDA:7,(anonymous_0)
DA:1,7
DA:3,7
DA:4,7
DA:6,7
DA:7,7
DA:8,7
DA:9,7
DA:10,7
DA:11,7
DA:13,7
LF:10
LH:10
BRF:0
BRH:0
end_of_record
TN:
SF:src\errors\forbiddenError.js
FN:1,forbiddenError
FNF:1
FNH:1
FNDA:5,forbiddenError
DA:1,7
DA:2,5
DA:3,5
LF:3
LH:3
BRDA:1,0,0,5
BRF:1
BRH:1
end_of_record
TN:
SF:src\errors\validationError.js
FN:1,validationError
FNF:1
FNH:1
FNDA:31,validationError
DA:1,7
DA:2,31
DA:3,31
LF:3
LH:3
BRF:0
BRH:0
end_of_record
TN:
SF:src\routes\accounts.js
FN:4,(anonymous_0)
FN:7,(anonymous_1)
FN:9,(anonymous_2)
FN:12,(anonymous_3)
FN:15,(anonymous_4)
FN:17,(anonymous_5)
FN:19,(anonymous_6)
FN:24,(anonymous_7)
FN:26,(anonymous_8)
FN:30,(anonymous_9)
FN:33,(anonymous_10)
FN:35,(anonymous_11)
FN:36,(anonymous_12)
FN:39,(anonymous_13)
FN:41,(anonymous_14)
FN:42,(anonymous_15)
FN:45,(anonymous_16)
FN:47,(anonymous_17)
FN:48,(anonymous_18)
FNF:19
FNH:16
FNDA:7,(anonymous_0)
FNDA:7,(anonymous_1)
FNDA:7,(anonymous_2)
FNDA:3,(anonymous_3)
FNDA:2,(anonymous_4)
FNDA:2,(anonymous_5)
FNDA:0,(anonymous_6)
FNDA:1,(anonymous_7)
FNDA:1,(anonymous_8)
FNDA:0,(anonymous_9)
FNDA:2,(anonymous_10)
FNDA:1,(anonymous_11)
FNDA:1,(anonymous_12)
FNDA:1,(anonymous_13)
FNDA:1,(anonymous_14)
FNDA:0,(anonymous_15)
FNDA:2,(anonymous_16)
FNDA:1,(anonymous_17)
FNDA:1,(anonymous_18)
DA:1,7
DA:2,7
DA:4,7
DA:5,7
DA:7,7
DA:8,7
DA:10,7
DA:11,4
DA:12,3
DA:15,7
DA:16,2
DA:18,2
DA:20,0
DA:24,7
DA:25,1
DA:27,1
DA:28,1
DA:30,0
DA:33,7
DA:34,2
DA:35,1
DA:36,1
DA:39,7
DA:40,1
DA:41,1
DA:42,0
DA:45,7
DA:46,2
DA:47,1
DA:48,1
DA:51,7
LF:31
LH:28
BRDA:10,0,0,3
BRDA:10,0,1,4
BRDA:27,1,0,0
BRDA:27,1,1,1
BRF:4
BRH:3
end_of_record
TN:
SF:src\routes\auths.js
FN:8,(anonymous_0)
FN:11,(anonymous_1)
FN:13,(anonymous_2)
FN:24,(anonymous_3)
FN:27,(anonymous_4)
FNF:5
FNH:5
FNDA:7,(anonymous_0)
FNDA:3,(anonymous_1)
FNDA:3,(anonymous_2)
FNDA:2,(anonymous_3)
FNDA:1,(anonymous_4)
DA:1,7
DA:2,7
DA:3,7
DA:4,7
DA:6,7
DA:8,7
DA:9,7
DA:11,7
DA:12,3
DA:14,3
DA:15,2
DA:16,1
DA:21,1
DA:22,1
DA:23,1
DA:24,2
DA:27,7
DA:28,1
DA:29,1
DA:30,1
DA:32,0
DA:36,7
LF:22
LH:21
BRDA:14,0,0,1
BRDA:14,0,1,2
BRDA:15,1,0,1
BRDA:15,1,1,1
BRF:4
BRH:4
end_of_record
TN:
SF:src\routes\balances.js
FN:3,(anonymous_0)
FN:6,(anonymous_1)
FN:8,(anonymous_2)
FN:9,(anonymous_3)
FNF:4
FNH:3
FNDA:7,(anonymous_0)
FNDA:10,(anonymous_1)
FNDA:10,(anonymous_2)
FNDA:0,(anonymous_3)
DA:1,7
DA:3,7
DA:4,7
DA:6,7
DA:7,10
DA:8,10
DA:9,0
DA:12,7
LF:8
LH:7
BRF:0
BRH:0
end_of_record
TN:
SF:src\routes\transactions.js
FN:4,(anonymous_0)
FN:7,(anonymous_1)
FN:9,(anonymous_2)
FN:12,(anonymous_3)
FN:15,(anonymous_4)
FN:17,(anonymous_5)
FN:18,(anonymous_6)
FN:21,(anonymous_7)
FN:23,(anonymous_8)
FN:24,(anonymous_9)
FN:27,(anonymous_10)
FN:29,(anonymous_11)
FN:30,(anonymous_12)
FN:33,(anonymous_13)
FN:35,(anonymous_14)
FN:36,(anonymous_15)
FN:39,(anonymous_16)
FN:41,(anonymous_17)
FN:42,(anonymous_18)
FNF:19
FNH:14
FNDA:7,(anonymous_0)
FNDA:4,(anonymous_1)
FNDA:4,(anonymous_2)
FNDA:1,(anonymous_3)
FNDA:1,(anonymous_4)
FNDA:1,(anonymous_5)
FNDA:0,(anonymous_6)
FNDA:1,(anonymous_7)
FNDA:1,(anonymous_8)
FNDA:0,(anonymous_9)
FNDA:16,(anonymous_10)
FNDA:10,(anonymous_11)
FNDA:0,(anonymous_12)
FNDA:1,(anonymous_13)
FNDA:1,(anonymous_14)
FNDA:0,(anonymous_15)
FNDA:1,(anonymous_16)
FNDA:1,(anonymous_17)
FNDA:0,(anonymous_18)
DA:1,7
DA:2,7
DA:4,7
DA:5,7
DA:7,7
DA:8,4
DA:10,4
DA:11,1
DA:12,1
DA:15,7
DA:16,1
DA:17,1
DA:18,0
DA:21,7
DA:22,1
DA:23,1
DA:24,0
DA:27,7
DA:28,16
DA:29,10
DA:30,0
DA:33,7
DA:34,1
DA:35,1
DA:36,0
DA:39,7
DA:40,1
DA:41,1
DA:42,0
DA:45,7
LF:30
LH:25
BRDA:10,0,0,3
BRDA:10,0,1,1
BRF:2
BRH:2
end_of_record
TN:
SF:src\routes\transfers.js
FN:4,(anonymous_0)
FN:7,(anonymous_1)
FN:9,(anonymous_2)
FN:12,(anonymous_3)
FN:15,(anonymous_4)
FN:17,(anonymous_5)
FN:18,(anonymous_6)
FN:21,(anonymous_7)
FN:23,(anonymous_8)
FN:24,(anonymous_9)
FN:27,(anonymous_10)
FN:30,(anonymous_11)
FN:31,(anonymous_12)
FN:34,(anonymous_13)
FN:36,(anonymous_14)
FN:37,(anonymous_15)
FN:40,(anonymous_16)
FN:43,(anonymous_17)
FN:44,(anonymous_18)
FN:47,(anonymous_19)
FN:49,(anonymous_20)
FN:50,(anonymous_21)
FNF:22
FNH:17
FNDA:7,(anonymous_0)
FNDA:12,(anonymous_1)
FNDA:12,(anonymous_2)
FNDA:1,(anonymous_3)
FNDA:20,(anonymous_4)
FNDA:4,(anonymous_5)
FNDA:16,(anonymous_6)
FNDA:1,(anonymous_7)
FNDA:1,(anonymous_8)
FNDA:0,(anonymous_9)
FNDA:3,(anonymous_10)
FNDA:3,(anonymous_11)
FNDA:0,(anonymous_12)
FNDA:1,(anonymous_13)
FNDA:1,(anonymous_14)
FNDA:0,(anonymous_15)
FNDA:1,(anonymous_16)
FNDA:1,(anonymous_17)
FNDA:0,(anonymous_18)
FNDA:1,(anonymous_19)
FNDA:1,(anonymous_20)
FNDA:0,(anonymous_21)
DA:1,7
DA:2,7
DA:4,7
DA:5,7
DA:7,7
DA:8,12
DA:10,12
DA:11,11
DA:12,1
DA:15,7
DA:16,20
DA:17,4
DA:18,16
DA:21,7
DA:22,1
DA:23,1
DA:24,0
DA:27,7
DA:28,3
DA:29,3
DA:30,3
DA:31,0
DA:34,7
DA:35,1
DA:36,1
DA:37,0
DA:40,7
DA:41,1
DA:42,1
DA:43,1
DA:44,0
DA:47,7
DA:48,1
DA:49,1
DA:50,0
DA:53,7
LF:36
LH:31
BRDA:10,0,0,1
BRDA:10,0,1,11
BRF:2
BRH:2
end_of_record
TN:
SF:src\routes\users.js
FN:3,(anonymous_0)
FN:6,(anonymous_1)
FN:8,(anonymous_2)
FN:9,(anonymous_3)
FN:12,(anonymous_4)
FNF:5
FNH:5
FNDA:7,(anonymous_0)
FNDA:2,(anonymous_1)
FNDA:1,(anonymous_2)
FNDA:1,(anonymous_3)
FNDA:6,(anonymous_4)
DA:1,7
DA:3,7
DA:4,7
DA:6,7
DA:7,2
DA:8,1
DA:9,1
DA:12,7
DA:13,6
DA:14,6
DA:15,2
DA:17,4
DA:21,7
LF:13
LH:13
BRF:0
BRH:0
end_of_record
TN:
SF:src\seed\test\01_transfers.js
FN:1,(anonymous_0)
FN:3,(anonymous_1)
FN:4,(anonymous_2)
FN:5,(anonymous_3)
FN:6,(anonymous_4)
FN:14,(anonymous_5)
FN:20,(anonymous_6)
FN:28,(anonymous_7)
FNF:8
FNH:8
FNDA:2,(anonymous_0)
FNDA:2,(anonymous_1)
FNDA:2,(anonymous_2)
FNDA:2,(anonymous_3)
FNDA:2,(anonymous_4)
FNDA:2,(anonymous_5)
FNDA:2,(anonymous_6)
FNDA:2,(anonymous_7)
DA:1,2
DA:2,2
DA:3,2
DA:4,2
DA:5,2
DA:6,2
DA:14,2
DA:20,2
DA:28,2
LF:9
LH:9
BRF:0
BRH:0
end_of_record
TN:
SF:src\seed\test\02_balance.js
FN:3,(anonymous_0)
FN:15,(anonymous_1)
FN:23,(anonymous_2)
FN:31,(anonymous_3)
FNF:4
FNH:4
FNDA:2,(anonymous_0)
FNDA:2,(anonymous_1)
FNDA:2,(anonymous_2)
FNDA:2,(anonymous_3)
DA:1,2
DA:3,2
DA:4,2
DA:15,2
DA:23,2
DA:31,2
LF:6
LH:6
BRF:0
BRH:0
end_of_record
TN:
SF:src\services\account.js
FN:3,(anonymous_0)
FN:5,(anonymous_1)
FN:9,(anonymous_2)
FN:13,(anonymous_3)
FN:22,(anonymous_4)
FN:28,(anonymous_5)
FNF:6
FNH:6
FNDA:7,(anonymous_0)
FNDA:2,(anonymous_1)
FNDA:10,(anonymous_2)
FNDA:2,(anonymous_3)
FNDA:1,(anonymous_4)
FNDA:2,(anonymous_5)
DA:1,7
DA:3,7
DA:4,7
DA:5,7
DA:6,2
DA:9,7
DA:10,10
DA:13,7
DA:14,2
DA:16,2
DA:17,2
DA:19,1
DA:22,7
DA:23,1
DA:28,7
DA:29,2
DA:30,2
DA:32,1
DA:37,7
LF:19
LH:19
BRDA:5,0,0,0
BRDA:9,1,0,0
BRDA:14,2,0,0
BRDA:14,2,1,2
BRDA:17,3,0,1
BRDA:17,3,1,1
BRDA:30,4,0,1
BRDA:30,4,1,1
BRF:8
BRH:5
end_of_record
TN:
SF:src\services\balance.js
FN:1,(anonymous_0)
FN:2,(anonymous_1)
FNF:2
FNH:2
FNDA:7,(anonymous_0)
FNDA:10,(anonymous_1)
DA:1,7
DA:2,7
DA:3,10
DA:12,7
LF:4
LH:4
BRF:0
BRH:0
end_of_record
TN:
SF:src\services\transaction.js
FN:3,(anonymous_0)
FN:4,(anonymous_1)
FN:12,(anonymous_2)
FN:18,(anonymous_3)
FN:35,(anonymous_4)
FN:41,(anonymous_5)
FNF:6
FNH:6
FNDA:7,(anonymous_0)
FNDA:5,(anonymous_1)
FNDA:3,(anonymous_2)
FNDA:16,(anonymous_3)
FNDA:1,(anonymous_4)
FNDA:1,(anonymous_5)
DA:1,7
DA:3,7
DA:4,7
DA:5,5
DA:12,7
DA:13,3
DA:18,7
DA:19,16
DA:20,15
DA:21,14
DA:22,13
DA:23,12
DA:24,11
DA:26,10
DA:27,10
DA:29,5
DA:31,10
DA:35,7
DA:36,1
DA:41,7
DA:42,1
DA:47,7
LF:22
LH:22
BRDA:4,0,0,1
BRDA:12,1,0,0
BRDA:19,2,0,1
BRDA:19,2,1,15
BRDA:20,3,0,1
BRDA:20,3,1,14
BRDA:21,4,0,1
BRDA:21,4,1,13
BRDA:22,5,0,1
BRDA:22,5,1,12
BRDA:23,6,0,1
BRDA:23,6,1,11
BRDA:24,7,0,1
BRDA:24,7,1,10
BRDA:24,8,0,11
BRDA:24,8,1,5
BRDA:27,9,0,5
BRDA:27,9,1,5
BRDA:27,10,0,10
BRDA:27,10,1,6
BRDA:27,10,2,9
BRDA:27,10,3,4
BRF:22
BRH:21
end_of_record
TN:
SF:src\services\transfer.js
FN:3,(anonymous_0)
FN:4,(anonymous_1)
FN:10,(anonymous_2)
FN:15,(anonymous_3)
FN:24,(anonymous_4)
FN:29,(anonymous_5)
FN:47,(anonymous_6)
FN:67,(anonymous_7)
FNF:8
FNH:8
FNDA:7,(anonymous_0)
FNDA:1,(anonymous_1)
FNDA:13,(anonymous_2)
FNDA:20,(anonymous_3)
FNDA:16,(anonymous_4)
FNDA:3,(anonymous_5)
FNDA:1,(anonymous_6)
FNDA:1,(anonymous_7)
DA:1,7
DA:3,7
DA:4,7
DA:5,1
DA:10,7
DA:11,13
DA:12,13
DA:15,7
DA:16,20
DA:17,18
DA:18,16
DA:19,14
DA:20,12
DA:21,10
DA:23,8
DA:24,8
DA:25,16
DA:29,7
DA:30,3
DA:31,3
DA:33,3
DA:42,3
DA:44,3
DA:47,7
DA:48,1
DA:52,1
DA:61,1
DA:62,1
DA:64,1
DA:67,7
DA:68,1
DA:69,1
DA:72,7
LF:33
LH:33
BRDA:4,0,0,0
BRDA:10,1,0,0
BRDA:16,2,0,2
BRDA:16,2,1,18
BRDA:17,3,0,2
BRDA:17,3,1,16
BRDA:18,4,0,2
BRDA:18,4,1,14
BRDA:19,5,0,2
BRDA:19,5,1,12
BRDA:20,6,0,2
BRDA:20,6,1,10
BRDA:21,7,0,2
BRDA:21,7,1,8
BRDA:25,8,0,4
BRDA:25,8,1,12
BRF:16
BRH:14
end_of_record
TN:
SF:src\services\user.js
FN:4,(anonymous_0)
FN:5,(anonymous_1)
FN:11,(anonymous_2)
FN:15,(anonymous_3)
FN:20,(anonymous_4)
FNF:5
FNH:5
FNDA:7,(anonymous_0)
FNDA:11,(anonymous_1)
FNDA:78,(anonymous_2)
FNDA:8,(anonymous_3)
FNDA:12,(anonymous_4)
DA:1,7
DA:2,7
DA:4,7
DA:5,7
DA:6,11
DA:7,11
DA:8,10
DA:11,7
DA:12,78
DA:15,7
DA:16,8
DA:17,8
DA:20,7
DA:21,12
DA:22,11
DA:23,10
DA:25,9
DA:26,9
DA:28,8
DA:29,8
DA:30,8
DA:33,7
LF:22
LH:22
BRDA:5,0,0,2
BRDA:7,1,0,1
BRDA:7,1,1,10
BRDA:7,2,0,11
BRDA:7,2,1,11
BRDA:11,3,0,0
BRDA:21,4,0,1
BRDA:21,4,1,11
BRDA:22,5,0,1
BRDA:22,5,1,10
BRDA:23,6,0,1
BRDA:23,6,1,9
BRDA:26,7,0,1
BRDA:26,7,1,8
BRDA:26,8,0,9
BRDA:26,8,1,9
BRF:16
BRH:15
end_of_record
